(1,2)program (3)ID 
(4,5,31,32)var (33,12,15)integer (36)ID (38), (36)ID (38), (36)ID (37); 
(35,33,13,17,19)array [ (20)INTC .. (21)INTC ] of (15)integer (36)ID (37); 
(34,40,41)procedure (44)ID ( (46,47,50,12,15)integer (52)ID (53,48)) ; 
(55,4,5,31,32)var (33,12,15)integer (36)ID (38), (36)ID (38), (36)ID (37); 
(35,33,12,15)integer (36)ID (37); 
(34,39,56,57)begin 
(58,66)ID (67,69,93):= (83,86,90)INTC (87,84,60); 
(58,62,71)while (81,83,86,91,92)ID (93,87,84,82,99)< (83,86,91,92)ID (93,87,84)do 
(58,66)ID (67,69,93):= (83,86,91,92)ID (93,87,85,102)- (83,86,91,92)ID (93,87,85,101)+ (83,86,90)INTC (87,84,60); 
(58,66)ID (67,69,93):= (83,86,90)INTC (87,84,60); 
(58,62,71)while (81,83,86,91,92)ID (93,87,84,82,99)< (83,86,91,92)ID (93,87,84)do 
(58,61,70)if (81,83,86,91,92)ID (94)[ (83,86,91,92)ID (93,87,85,101)+ (83,86,90)INTC (87,84)] (87,84,82,99)< (83,86,91,92)ID (94)[ (83,86,91,92)ID (93,87,84)] 
(87,84)then 
(58,66)ID (67,69,93):= (83,86,91,92)ID (94)[ (83,86,91,92)ID (93,87,84)] (87,84,60); 
(58,66)ID (67,69,94)[ (83,86,91,92)ID (93,87,84)] := (83,86,91,92)ID (94)[ (83,86,91,92)ID (93,87,85,101)+ (83,86,90)INTC (87,84)] (87,84,60); 
(58,66)ID (67,69,94)[ (83,86,91,92)ID (93,87,85,101)+ (83,86,90)INTC (87,84)] := (83,86,91,92)ID 
(93,87,84,59)else (58,66)ID (67,69,93):= (83,86,90)INTC 
(87,84,59)fi (60); 
(58,66)ID (67,69,93):= (83,86,91,92)ID (93,87,85,101)+ (83,86,90)INTC 
(87,84,59)endwh (60); 
(58,66)ID (67,69,93):= (83,86,91,92)ID (93,87,85,101)+ (83,86,90)INTC 
(87,84,59)endwh 
(59)end 
(42,57)begin 
(58,63,72)read ( (73)ID ) (60); 
(58,66)ID (67,69,93):= (83,86,90)INTC (87,84,60); 
(58,62,71)while (81,83,86,91,92)ID (93,87,84,82,99)< (83,86,89)( (83,86,91,92)ID (93,87,85,101)+ (83,86,90)INTC (87,84)) (87,84)do 
(58,63,72)read ( (73)ID ) (60); 
(58,66)ID (67,69,94)[ (83,86,91,92)ID (93,87,84)] := (83,86,91,92)ID (93,87,84,60); 
(58,66)ID (67,69,93):= (83,86,91,92)ID (93,87,85,101)+ (83,86,90)INTC 
(87,84,59)endwh (60); 
(58,66)ID (68,76)( (78,83,86,91,92)ID (93,87,84,79)) (60); 
(58,66)ID (67,69,93):= (83,86,90)INTC (87,84,60); 
(58,62,71)while (81,83,86,91,92)ID (93,87,84,82,99)< (83,86,89)( (83,86,91,92)ID (93,87,85,101)+ (83,86,90)INTC (87,84)) (87,84)do 
(58,64,74)write ( (83,86,91,92)ID (94)[ (83,86,91,92)ID (93,87,84)] (87,84)) (60); 
(58,66)ID (67,69,93):= (83,86,91,92)ID (93,87,85,101)+ (83,86,90)INTC 
(87,84,59)endwh 
(59)end . 
DoGrammar Over!
